<?xml version="1.0" encoding="UTF-8"?>
<!-- Generated by org.testng.reporters.JUnitXMLReporter -->
<testsuite ignored="0" hostname="ASUS" failures="0" tests="3" name="Default test" time="5.1" errors="0" timestamp="2023-01-09T14:38:51 IST">
  <testcase classname="extentreport.ExtentReportExamples" name="openBing" time="0.968"/>
  <testcase classname="extentreport.ExtentReportExamples" name="openBravebrowser" time="1.74"/>
  <testcase classname="extentreport.ExtentReportExamples" name="openGoogle" time="2.36"/>
</testsuite> <!-- Default test -->
