<?xml version="1.0" encoding="UTF-8"?>
<testng-results ignored="0" total="3" passed="3" failed="0" skipped="0">
  <reporter-output>
  </reporter-output>
  <suite started-at="2023-01-09T14:38:46 IST" name="Default suite" finished-at="2023-01-09T14:38:51 IST" duration-ms="5100">
    <groups>
    </groups>
    <test started-at="2023-01-09T14:38:46 IST" name="Default test" finished-at="2023-01-09T14:38:51 IST" duration-ms="5100">
      <class name="extentreport.ExtentReportExamples">
        <test-method is-config="true" signature="launchBrowser()[pri:0, instance:extentreport.ExtentReportExamples@5a56cdac]" started-at="2023-01-09T14:38:39 IST" name="launchBrowser" finished-at="2023-01-09T14:38:46 IST" duration-ms="7193" status="PASS">
          <reporter-output>
          </reporter-output>
        </test-method> <!-- launchBrowser -->
        <test-method signature="openBing()[pri:0, instance:extentreport.ExtentReportExamples@5a56cdac]" started-at="2023-01-09T14:38:46 IST" name="openBing" finished-at="2023-01-09T14:38:47 IST" duration-ms="968" status="PASS">
          <reporter-output>
          </reporter-output>
        </test-method> <!-- openBing -->
        <test-method signature="openBravebrowser()[pri:0, instance:extentreport.ExtentReportExamples@5a56cdac]" started-at="2023-01-09T14:38:47 IST" name="openBravebrowser" finished-at="2023-01-09T14:38:49 IST" duration-ms="1740" status="PASS">
          <reporter-output>
          </reporter-output>
        </test-method> <!-- openBravebrowser -->
        <test-method signature="openGoogle()[pri:0, instance:extentreport.ExtentReportExamples@5a56cdac]" started-at="2023-01-09T14:38:49 IST" name="openGoogle" finished-at="2023-01-09T14:38:51 IST" duration-ms="2360" status="PASS">
          <reporter-output>
          </reporter-output>
        </test-method> <!-- openGoogle -->
        <test-method is-config="true" signature="quitBrowser()[pri:0, instance:extentreport.ExtentReportExamples@5a56cdac]" started-at="2023-01-09T14:38:51 IST" name="quitBrowser" finished-at="2023-01-09T14:38:53 IST" duration-ms="2052" status="PASS">
          <reporter-output>
          </reporter-output>
        </test-method> <!-- quitBrowser -->
      </class> <!-- extentreport.ExtentReportExamples -->
    </test> <!-- Default test -->
  </suite> <!-- Default suite -->
</testng-results>
